<?xml version="1.0" encoding="UTF-8"?>
<testsuite xmlns:xsi="http://www.w3.org/2001/XMLSchema-instance" xsi:noNamespaceSchemaLocation="https://maven.apache.org/surefire/maven-surefire-plugin/xsd/surefire-test-report.xsd" name="ArgumentsSourceExampleTest" time="0.008" tests="5" errors="0" skipped="0" failures="0">
  <properties>
    <property name="sun.desktop" value="windows"/>
    <property name="awt.toolkit" value="sun.awt.windows.WToolkit"/>
    <property name="file.encoding.pkg" value="sun.io"/>
    <property name="java.specification.version" value="1.8"/>
    <property name="sun.cpu.isalist" value="amd64"/>
    <property name="sun.jnu.encoding" value="GBK"/>
    <property name="java.class.path" value="F:\test\junit5demo\target\test-classes;F:\test\junit5demo\target\classes;D:\Deploy\apache-maven-3.6.1\local\repo\org\junit\jupiter\junit-jupiter\5.5.2\junit-jupiter-5.5.2.jar;D:\Deploy\apache-maven-3.6.1\local\repo\org\junit\jupiter\junit-jupiter-api\5.5.2\junit-jupiter-api-5.5.2.jar;D:\Deploy\apache-maven-3.6.1\local\repo\org\apiguardian\apiguardian-api\1.1.0\apiguardian-api-1.1.0.jar;D:\Deploy\apache-maven-3.6.1\local\repo\org\opentest4j\opentest4j\1.2.0\opentest4j-1.2.0.jar;D:\Deploy\apache-maven-3.6.1\local\repo\org\junit\platform\junit-platform-commons\1.5.2\junit-platform-commons-1.5.2.jar;D:\Deploy\apache-maven-3.6.1\local\repo\org\junit\jupiter\junit-jupiter-params\5.5.2\junit-jupiter-params-5.5.2.jar;D:\Deploy\apache-maven-3.6.1\local\repo\org\junit\jupiter\junit-jupiter-engine\5.5.2\junit-jupiter-engine-5.5.2.jar;D:\Deploy\apache-maven-3.6.1\local\repo\org\junit\platform\junit-platform-engine\1.5.2\junit-platform-engine-1.5.2.jar;"/>
    <property name="java.vm.vendor" value=""/>
    <property name="sun.arch.data.model" value="64"/>
    <property name="user.variant" value=""/>
    <property name="java.vendor.url" value="http://java.oracle.com/"/>
    <property name="user.timezone" value="Asia/Shanghai"/>
    <property name="java.vm.specification.version" value="1.8"/>
    <property name="os.name" value="Windows 10"/>
    <property name="user.country" value="CN"/>
    <property name="sun.java.launcher" value="SUN_STANDARD"/>
    <property name="sun.boot.library.path" value="D:\Java\jdk8u222-b10\jre\bin"/>
    <property name="sun.java.command" value="C:\Users\XIEQIL~1\AppData\Local\Temp\surefire4380347257602002335\surefirebooter2095986332203915675.jar C:\Users\xieqiliang\AppData\Local\Temp\surefire4380347257602002335 2019-10-31T17-41-49_672-jvmRun1 surefire3517552612655414539tmp surefire_01083104420890187920tmp"/>
    <property name="surefire.test.class.path" value="F:\test\junit5demo\target\test-classes;F:\test\junit5demo\target\classes;D:\Deploy\apache-maven-3.6.1\local\repo\org\junit\jupiter\junit-jupiter\5.5.2\junit-jupiter-5.5.2.jar;D:\Deploy\apache-maven-3.6.1\local\repo\org\junit\jupiter\junit-jupiter-api\5.5.2\junit-jupiter-api-5.5.2.jar;D:\Deploy\apache-maven-3.6.1\local\repo\org\apiguardian\apiguardian-api\1.1.0\apiguardian-api-1.1.0.jar;D:\Deploy\apache-maven-3.6.1\local\repo\org\opentest4j\opentest4j\1.2.0\opentest4j-1.2.0.jar;D:\Deploy\apache-maven-3.6.1\local\repo\org\junit\platform\junit-platform-commons\1.5.2\junit-platform-commons-1.5.2.jar;D:\Deploy\apache-maven-3.6.1\local\repo\org\junit\jupiter\junit-jupiter-params\5.5.2\junit-jupiter-params-5.5.2.jar;D:\Deploy\apache-maven-3.6.1\local\repo\org\junit\jupiter\junit-jupiter-engine\5.5.2\junit-jupiter-engine-5.5.2.jar;D:\Deploy\apache-maven-3.6.1\local\repo\org\junit\platform\junit-platform-engine\1.5.2\junit-platform-engine-1.5.2.jar;"/>
    <property name="sun.cpu.endian" value="little"/>
    <property name="user.home" value="C:\Users\xieqiliang"/>
    <property name="user.language" value="zh"/>
    <property name="java.specification.vendor" value="Oracle Corporation"/>
    <property name="java.home" value="D:\Java\jdk8u222-b10\jre"/>
    <property name="basedir" value="F:\test\junit5demo"/>
    <property name="file.separator" value="\"/>
    <property name="line.separator" value="&#10;"/>
    <property name="java.vm.specification.vendor" value="Oracle Corporation"/>
    <property name="java.specification.name" value="Java Platform API Specification"/>
    <property name="java.awt.graphicsenv" value="sun.awt.Win32GraphicsEnvironment"/>
    <property name="surefire.real.class.path" value="C:\Users\XIEQIL~1\AppData\Local\Temp\surefire4380347257602002335\surefirebooter2095986332203915675.jar"/>
    <property name="sun.boot.class.path" value="D:\Java\jdk8u222-b10\jre\lib\resources.jar;D:\Java\jdk8u222-b10\jre\lib\rt.jar;D:\Java\jdk8u222-b10\jre\lib\sunrsasign.jar;D:\Java\jdk8u222-b10\jre\lib\jsse.jar;D:\Java\jdk8u222-b10\jre\lib\jce.jar;D:\Java\jdk8u222-b10\jre\lib\charsets.jar;D:\Java\jdk8u222-b10\jre\lib\jfr.jar;D:\Java\jdk8u222-b10\jre\classes"/>
    <property name="user.script" value=""/>
    <property name="sun.management.compiler" value="HotSpot 64-Bit Tiered Compilers"/>
    <property name="java.runtime.version" value="1.8.0_222-b10"/>
    <property name="user.name" value="xieqiliang"/>
    <property name="path.separator" value=";"/>
    <property name="os.version" value="10.0"/>
    <property name="java.endorsed.dirs" value="D:\Java\jdk8u222-b10\jre\lib\endorsed"/>
    <property name="java.runtime.name" value="OpenJDK Runtime Environment"/>
    <property name="file.encoding" value="GBK"/>
    <property name="java.vm.name" value="OpenJDK 64-Bit Server VM"/>
    <property name="localRepository" value="D:\Deploy\apache-maven-3.6.1\local\repo"/>
    <property name="java.vendor.url.bug" value="http://bugreport.sun.com/bugreport/"/>
    <property name="java.io.tmpdir" value="C:\Users\XIEQIL~1\AppData\Local\Temp\"/>
    <property name="java.version" value="1.8.0_222"/>
    <property name="user.dir" value="F:\test\junit5demo"/>
    <property name="os.arch" value="amd64"/>
    <property name="java.vm.specification.name" value="Java Virtual Machine Specification"/>
    <property name="java.awt.printerjob" value="sun.awt.windows.WPrinterJob"/>
    <property name="sun.os.patch.level" value=""/>
    <property name="java.library.path" value="D:\Java\jdk8u222-b10\jre\bin;C:\WINDOWS\Sun\Java\bin;C:\WINDOWS\system32;C:\WINDOWS;D:\Deploy\JetBrains\IntelliJ IDEA 2019.2\jbr\\bin;D:\Deploy\JetBrains\IntelliJ IDEA 2019.2\jbr\\bin\server;D:\Deploy\JetBrains\IntelliJ IDEA 2019.2\jbr\\bin;D:\Deploy\JetBrains\IntelliJ IDEA 2019.2\jbr\\bin\server;C:\ProgramData\DockerDesktop\version-bin;C:\Program Files\Docker\Docker\Resources\bin;C:\Program Files (x86)\NetSarang\Xshell 6\;C:\WINDOWS\system32;C:\WINDOWS;C:\WINDOWS\System32\Wbem;C:\WINDOWS\System32\WindowsPowerShell\v1.0\;C:\Windows\CCM;C:\Program Files\dotnet\;C:\Program Files\Microsoft SQL Server\130\Tools\Binn\;C:\Program Files\dotnet;D:\Deploy\Graphviz2.38\bin;D:\Java\jdk8u222-b10\bin;D:\Deploy\Git\cmd;D:\Program Files (x86)\Rational\common;D:\Deploy\nuget;D:\Deploy\ServerTest\tools\gdk;D:\Depoly\nexus-3.14.0-04\bin;D:\Program Files\WinRAR;C:\Users\xieqiliang\AppData\Local\Android\Sdk\platform-tools\;C:\Users\xieqiliang\AppData\Local\Android\Sdk\tools\;C:\Users\xieqiliang\AppData\Local\Android\Sdk\tools\bin\;C:\Users\xieqiliang\AppData\Local\Android\Sdk\emulator\;D:\Deploy\gdk\;D:\Deploy\gradle-5.6.2\bin\;D:\Deploy\nodejs\;D:\Deploy\apache-maven-3.6.1\bin\;D:\Deploy\Yarn\bin;D:\Deploy\mysql\bin;D:\Deploy\spring-2.1.6.RELEASE\bin;D:\Deploy\erl10.4\bin;D:\Deploy\nexus\nexus-3.16.1-02\bin;D:\Deploy\PuTTY\;D:\Deploy\k8s;D:\Deploy\curl\bin;C:\Users\xieqiliang\AppData\Local\Microsoft\WindowsApps;C:\Users\xieqiliang\.dotnet\tools;C:\Users\xieqiliang\AppData\Local\Programs\Fiddler;C:\Users\xieqiliang\AppData\Roaming\npm;C:\Users\xieqiliang\AppData\Local\Yarn\.bin;C:\ProgramData\xieqiliang\GitHubDesktop\bin;C:\Program Files\JetBrains\WebStorm 2019.1\bin;D:\Program Files\JetBrains\IntelliJ IDEA 2019.2\bin;C:\Users\xieqiliang\AppData\Local\Microsoft\WindowsApps;D:\Deploy\Microsoft VS Code\bin;D:\Deploy\JetBrains\IntelliJ IDEA 2019.2\bin;;."/>
    <property name="java.vm.info" value="mixed mode"/>
    <property name="java.vendor" value="AdoptOpenJDK"/>
    <property name="java.vm.version" value="25.222-b10"/>
    <property name="java.ext.dirs" value="D:\Java\jdk8u222-b10\jre\lib\ext;C:\WINDOWS\Sun\Java\lib\ext"/>
    <property name="sun.io.unicode.encoding" value="UnicodeLittle"/>
    <property name="java.class.version" value="52.0"/>
  </properties>
  <testcase name="testGeneratedArguments{double}[1]" classname="ArgumentsSourceExampleTest" time="0"/>
  <testcase name="testGeneratedArguments{double}[2]" classname="ArgumentsSourceExampleTest" time="0"/>
  <testcase name="testGeneratedArguments{double}[3]" classname="ArgumentsSourceExampleTest" time="0"/>
  <testcase name="testGeneratedArguments{double}[4]" classname="ArgumentsSourceExampleTest" time="0"/>
  <testcase name="testGeneratedArguments{double}[5]" classname="ArgumentsSourceExampleTest" time="0"/>
</testsuite>